<?xml version="1.0" encoding="UTF-8"?>
<!-- Generated by org.testng.reporters.JUnitReportReporter -->
<testsuite skipped="0" hostname="ASUS-VIVOBOOK" name="mavenProjectTest.mavenProj.RestAPITest" tests="2" failures="0" timestamp="2020-08-19T19:17:31 IST" time="0.001" errors="0">
  <testcase name="get" time="0.001" classname="mavenProjectTest.mavenProj.RestAPITest"/>
  <system-out/>
  <testcase name="post" time="0.000" classname="mavenProjectTest.mavenProj.RestAPITest"/>
  <system-out/>
</testsuite> <!-- mavenProjectTest.mavenProj.RestAPITest -->
