<?xml version="1.0" encoding="UTF-8"?>
<!-- Generated by org.testng.reporters.JUnitReportReporter -->
<testsuite skipped="0" hostname="ASUS-VIVOBOOK" name="mavenProjectTest.mavenProj.AppiumTest" tests="2" failures="0" timestamp="2020-08-19T19:16:35 IST" time="0.004" errors="0">
  <testcase name="android" time="0.000" classname="mavenProjectTest.mavenProj.AppiumTest"/>
  <system-out/>
  <testcase name="IOS" time="0.004" classname="mavenProjectTest.mavenProj.AppiumTest"/>
  <system-out/>
</testsuite> <!-- mavenProjectTest.mavenProj.AppiumTest -->
