<?xml version="1.0" encoding="UTF-8"?>
<!-- Generated by org.testng.reporters.JUnitReportReporter -->
<testsuite skipped="0" hostname="ASUS-VIVOBOOK" name="mavenProjectTest.mavenProj.SeleniumTest" tests="2" failures="0" timestamp="2020-08-19T19:17:31 IST" time="0.003" errors="0">
  <testcase name="element" time="0.003" classname="mavenProjectTest.mavenProj.SeleniumTest"/>
  <system-out/>
  <testcase name="webTable" time="0.000" classname="mavenProjectTest.mavenProj.SeleniumTest"/>
  <system-out/>
</testsuite> <!-- mavenProjectTest.mavenProj.SeleniumTest -->
